<?xml version="1.0" encoding="UTF-8"?>
<testng-results ignored="0" total="1" passed="1" failed="0" skipped="0">
  <reporter-output>
  </reporter-output>
  <suite started-at="2024-08-01T15:54:06 CEST" name="Surefire suite" finished-at="2024-08-01T15:54:06 CEST" duration-ms="136">
    <groups>
    </groups>
    <test started-at="2024-08-01T15:54:06 CEST" name="Surefire test" finished-at="2024-08-01T15:54:06 CEST" duration-ms="136">
      <class name="com.example.BookTest">
        <test-method signature="getAge()[pri:0, instance:com.example.BookTest@279ad2e3]" started-at="2024-08-01T15:54:06 CEST" name="getAge" finished-at="2024-08-01T15:54:06 CEST" duration-ms="35" status="PASS">
          <reporter-output>
          </reporter-output>
        </test-method> <!-- getAge -->
      </class> <!-- com.example.BookTest -->
    </test> <!-- Surefire test -->
  </suite> <!-- Surefire suite -->
</testng-results>
